# JRE version: Java(TM) SE Runtime Environment (8.0_60-b27) (build 1.8.0_60-b27)
# Java VM: Java HotSpot(TM) 64-Bit Server VM (25.60-b23 mixed mode bsd-amd64 compressed oops)
Heap:
 PSYoungGen      total 26112K, used 9954K [0x00000007aab00000, 0x00000007ace00000, 0x00000007c0000000)
  eden space 16384K, 59% used [0x00000007aab00000,0x00000007ab498940,0x00000007abb00000)
  from space 9728K, 1% used [0x00000007ac480000,0x00000007ac4a0000,0x00000007ace00000)
  to   space 9728K, 0% used [0x00000007abb00000,0x00000007abb00000,0x00000007ac480000)
 ParOldGen       total 44032K, used 13414K [0x0000000780000000, 0x0000000782b00000, 0x00000007aab00000)
  object space 44032K, 30% used [0x0000000780000000,0x0000000780d19b90,0x0000000782b00000)
 Metaspace       used 19267K, capacity 19866K, committed 20224K, reserved 1067008K
  class space    used 2535K, capacity 2718K, committed 2816K, reserved 1048576K
GC Heap History (10 events):
Event: 10.896 GC heap before
{Heap before GC invocations=6 (full 0):
 PSYoungGen      total 18944K, used 18937K [0x00000007aab00000, 0x00000007acf00000, 0x00000007c0000000)
  eden space 16384K, 100% used [0x00000007aab00000,0x00000007abb00000,0x00000007abb00000)
  from space 2560K, 99% used [0x00000007abb00000,0x00000007abd7e760,0x00000007abd80000)
  to   space 10240K, 0% used [0x00000007ac500000,0x00000007ac500000,0x00000007acf00000)
 ParOldGen       total 44032K, used 10797K [0x0000000780000000, 0x0000000782b00000, 0x00000007aab00000)
  object space 44032K, 24% used [0x0000000780000000,0x0000000780a8b430,0x0000000782b00000)
 Metaspace       used 19194K, capacity 19740K, committed 19968K, reserved 1067008K
  class space    used 2524K, capacity 2705K, committed 2816K, reserved 1048576K
Event: 10.904 GC heap after
Heap after GC invocations=6 (full 0):
 PSYoungGen      total 25600K, used 2649K [0x00000007aab00000, 0x00000007ace00000, 0x00000007c0000000)
  eden space 16384K, 0% used [0x00000007aab00000,0x00000007aab00000,0x00000007abb00000)
  from space 9216K, 28% used [0x00000007ac500000,0x00000007ac796760,0x00000007ace00000)
  to   space 9728K, 0% used [0x00000007abb00000,0x00000007abb00000,0x00000007ac480000)
 ParOldGen       total 44032K, used 10797K [0x0000000780000000, 0x0000000782b00000, 0x00000007aab00000)
  object space 44032K, 24% used [0x0000000780000000,0x0000000780a8b430,0x0000000782b00000)
 Metaspace       used 19194K, capacity 19740K, committed 19968K, reserved 1067008K
  class space    used 2524K, capacity 2705K, committed 2816K, reserved 1048576K
}
Event: 12.866 GC heap before
{Heap before GC invocations=7 (full 0):
 PSYoungGen      total 25600K, used 19033K [0x00000007aab00000, 0x00000007ace00000, 0x00000007c0000000)
  eden space 16384K, 100% used [0x00000007aab00000,0x00000007abb00000,0x00000007abb00000)
  from space 9216K, 28% used [0x00000007ac500000,0x00000007ac796760,0x00000007ace00000)
  to   space 9728K, 0% used [0x00000007abb00000,0x00000007abb00000,0x00000007ac480000)
 ParOldGen       total 44032K, used 10797K [0x0000000780000000, 0x0000000782b00000, 0x00000007aab00000)
  object space 44032K, 24% used [0x0000000780000000,0x0000000780a8b430,0x0000000782b00000)
 Metaspace       used 19198K, capacity 19740K, committed 19968K, reserved 1067008K
  class space    used 2525K, capacity 2705K, committed 2816K, reserved 1048576K
Event: 12.875 GC heap after
Heap after GC invocations=7 (full 0):
 PSYoungGen      total 26112K, used 260K [0x00000007aab00000, 0x00000007acf00000, 0x00000007c0000000)
  eden space 16384K, 0% used [0x00000007aab00000,0x00000007aab00000,0x00000007abb00000)
  from space 9728K, 2% used [0x00000007abb00000,0x00000007abb41260,0x00000007ac480000)
  to   space 10240K, 0% used [0x00000007ac500000,0x00000007ac500000,0x00000007acf00000)
 ParOldGen       total 44032K, used 13194K [0x0000000780000000, 0x0000000782b00000, 0x00000007aab00000)
  object space 44032K, 29% used [0x0000000780000000,0x0000000780ce2930,0x0000000782b00000)
 Metaspace       used 19198K, capacity 19740K, committed 19968K, reserved 1067008K
  class space    used 2525K, capacity 2705K, committed 2816K, reserved 1048576K
}
Event: 14.821 GC heap before
{Heap before GC invocations=8 (full 0):
 PSYoungGen      total 26112K, used 16644K [0x00000007aab00000, 0x00000007acf00000, 0x00000007c0000000)
  eden space 16384K, 100% used [0x00000007aab00000,0x00000007abb00000,0x00000007abb00000)
  from space 9728K, 2% used [0x00000007abb00000,0x00000007abb41260,0x00000007ac480000)
  to   space 10240K, 0% used [0x00000007ac500000,0x00000007ac500000,0x00000007acf00000)
 ParOldGen       total 44032K, used 13194K [0x0000000780000000, 0x0000000782b00000, 0x00000007aab00000)
  object space 44032K, 29% used [0x0000000780000000,0x0000000780ce2930,0x0000000782b00000)
 Metaspace       used 19199K, capacity 19740K, committed 19968K, reserved 1067008K
  class space    used 2525K, capacity 2705K, committed 2816K, reserved 1048576K
Event: 14.823 GC heap after
Heap after GC invocations=8 (full 0):
 PSYoungGen      total 26624K, used 160K [0x00000007aab00000, 0x00000007acf00000, 0x00000007c0000000)
  eden space 16384K, 0% used [0x00000007aab00000,0x00000007aab00000,0x00000007abb00000)
  from space 10240K, 1% used [0x00000007ac500000,0x00000007ac528000,0x00000007acf00000)
  to   space 10240K, 0% used [0x00000007abb00000,0x00000007abb00000,0x00000007ac500000)
 ParOldGen       total 44032K, used 13358K [0x0000000780000000, 0x0000000782b00000, 0x00000007aab00000)
  object space 44032K, 30% used [0x0000000780000000,0x0000000780d0bb90,0x0000000782b00000)
 Metaspace       used 19199K, capacity 19740K, committed 19968K, reserved 1067008K
  class space    used 2525K, capacity 2705K, committed 2816K, reserved 1048576K
}
Event: 16.766 GC heap before
{Heap before GC invocations=9 (full 0):
 PSYoungGen      total 26624K, used 16544K [0x00000007aab00000, 0x00000007acf00000, 0x00000007c0000000)
  eden space 16384K, 100% used [0x00000007aab00000,0x00000007abb00000,0x00000007abb00000)
  from space 10240K, 1% used [0x00000007ac500000,0x00000007ac528000,0x00000007acf00000)
  to   space 10240K, 0% used [0x00000007abb00000,0x00000007abb00000,0x00000007ac500000)
 ParOldGen       total 44032K, used 13358K [0x0000000780000000, 0x0000000782b00000, 0x00000007aab00000)
  object space 44032K, 30% used [0x0000000780000000,0x0000000780d0bb90,0x0000000782b00000)
 Metaspace       used 19199K, capacity 19740K, committed 19968K, reserved 1067008K
  class space    used 2525K, capacity 2705K, committed 2816K, reserved 1048576K
Event: 16.769 GC heap after
Heap after GC invocations=9 (full 0):
 PSYoungGen      total 16896K, used 160K [0x00000007aab00000, 0x00000007ace00000, 0x00000007c0000000)
  eden space 16384K, 0% used [0x00000007aab00000,0x00000007aab00000,0x00000007abb00000)
  from space 512K, 31% used [0x00000007abb00000,0x00000007abb28000,0x00000007abb80000)
  to   space 9728K, 0% used [0x00000007ac480000,0x00000007ac480000,0x00000007ace00000)
 ParOldGen       total 44032K, used 13390K [0x0000000780000000, 0x0000000782b00000, 0x00000007aab00000)
  object space 44032K, 30% used [0x0000000780000000,0x0000000780d13b90,0x0000000782b00000)
 Metaspace       used 19199K, capacity 19740K, committed 19968K, reserved 1067008K
  class space    used 2525K, capacity 2705K, committed 2816K, reserved 1048576K
}
Event: 18.776 GC heap before
{Heap before GC invocations=10 (full 0):
 PSYoungGen      total 16896K, used 16544K [0x00000007aab00000, 0x00000007ace00000, 0x00000007c0000000)
  eden space 16384K, 100% used [0x00000007aab00000,0x00000007abb00000,0x00000007abb00000)
  from space 512K, 31% used [0x00000007abb00000,0x00000007abb28000,0x00000007abb80000)
  to   space 9728K, 0% used [0x00000007ac480000,0x00000007ac480000,0x00000007ace00000)
 ParOldGen       total 44032K, used 13390K [0x0000000780000000, 0x0000000782b00000, 0x00000007aab00000)
  object space 44032K, 30% used [0x0000000780000000,0x0000000780d13b90,0x0000000782b00000)
 Metaspace       used 19199K, capacity 19740K, committed 19968K, reserved 1067008K
  class space    used 2525K, capacity 2705K, committed 2816K, reserved 1048576K
Event: 18.777 GC heap after
Heap after GC invocations=10 (full 0):
 PSYoungGen      total 26112K, used 128K [0x00000007aab00000, 0x00000007ace00000, 0x00000007c0000000)
  eden space 16384K, 0% used [0x00000007aab00000,0x00000007aab00000,0x00000007abb00000)
  from space 9728K, 1% used [0x00000007ac480000,0x00000007ac4a0000,0x00000007ace00000)
  to   space 9728K, 0% used [0x00000007abb00000,0x00000007abb00000,0x00000007ac480000)
 ParOldGen       total 44032K, used 13414K [0x0000000780000000, 0x0000000782b00000, 0x00000007aab00000)
  object space 44032K, 30% used [0x0000000780000000,0x0000000780d19b90,0x0000000782b00000)
 Metaspace       used 19199K, capacity 19740K, committed 19968K, reserved 1067008K
  class space    used 2525K, capacity 2705K, committed 2816K, reserved 1048576K
}

