# JRE version: Java(TM) SE Runtime Environment (8.0_60-b27) (build 1.8.0_60-b27)
# Java VM: Java HotSpot(TM) 64-Bit Server VM (25.60-b23 mixed mode bsd-amd64 compressed oops)
Heap:
 PSYoungGen      total 16896K, used 7810K [0x00000007aab00000, 0x00000007abd80000, 0x00000007c0000000)
  eden space 15872K, 48% used [0x00000007aab00000,0x00000007ab280a40,0x00000007aba80000)
  from space 1024K, 12% used [0x00000007abc80000,0x00000007abca0000,0x00000007abd80000)
  to   space 1536K, 0% used [0x00000007aba80000,0x00000007aba80000,0x00000007abc00000)
 ParOldGen       total 44032K, used 15136K [0x0000000780000000, 0x0000000782b00000, 0x00000007aab00000)
  object space 44032K, 34% used [0x0000000780000000,0x0000000780ec81e8,0x0000000782b00000)
 Metaspace       used 20324K, capacity 20970K, committed 21248K, reserved 1067008K
  class space    used 2597K, capacity 2756K, committed 2816K, reserved 1048576K
GC Heap History (10 events):
Event: 189.917 GC heap before
{Heap before GC invocations=36 (full 0):
 PSYoungGen      total 18432K, used 16000K [0x00000007aab00000, 0x00000007abf80000, 0x00000007c0000000)
  eden space 15872K, 100% used [0x00000007aab00000,0x00000007aba80000,0x00000007aba80000)
  from space 2560K, 5% used [0x00000007aba80000,0x00000007abaa0000,0x00000007abd00000)
  to   space 2560K, 0% used [0x00000007abd00000,0x00000007abd00000,0x00000007abf80000)
 ParOldGen       total 44032K, used 15064K [0x0000000780000000, 0x0000000782b00000, 0x00000007aab00000)
  object space 44032K, 34% used [0x0000000780000000,0x0000000780eb61e8,0x0000000782b00000)
 Metaspace       used 20280K, capacity 20880K, committed 21248K, reserved 1067008K
  class space    used 2593K, capacity 2749K, committed 2816K, reserved 1048576K
Event: 189.920 GC heap after
Heap after GC invocations=36 (full 0):
 PSYoungGen      total 17408K, used 128K [0x00000007aab00000, 0x00000007abe80000, 0x00000007c0000000)
  eden space 15872K, 0% used [0x00000007aab00000,0x00000007aab00000,0x00000007aba80000)
  from space 1536K, 8% used [0x00000007abd00000,0x00000007abd20000,0x00000007abe80000)
  to   space 2048K, 0% used [0x00000007aba80000,0x00000007aba80000,0x00000007abc80000)
 ParOldGen       total 44032K, used 15096K [0x0000000780000000, 0x0000000782b00000, 0x00000007aab00000)
  object space 44032K, 34% used [0x0000000780000000,0x0000000780ebe1e8,0x0000000782b00000)
 Metaspace       used 20280K, capacity 20880K, committed 21248K, reserved 1067008K
  class space    used 2593K, capacity 2749K, committed 2816K, reserved 1048576K
}
Event: 193.690 GC heap before
{Heap before GC invocations=37 (full 0):
 PSYoungGen      total 17408K, used 16000K [0x00000007aab00000, 0x00000007abe80000, 0x00000007c0000000)
  eden space 15872K, 100% used [0x00000007aab00000,0x00000007aba80000,0x00000007aba80000)
  from space 1536K, 8% used [0x00000007abd00000,0x00000007abd20000,0x00000007abe80000)
  to   space 2048K, 0% used [0x00000007aba80000,0x00000007aba80000,0x00000007abc80000)
 ParOldGen       total 44032K, used 15096K [0x0000000780000000, 0x0000000782b00000, 0x00000007aab00000)
  object space 44032K, 34% used [0x0000000780000000,0x0000000780ebe1e8,0x0000000782b00000)
 Metaspace       used 20280K, capacity 20880K, committed 21248K, reserved 1067008K
  class space    used 2593K, capacity 2749K, committed 2816K, reserved 1048576K
Event: 193.692 GC heap after
Heap after GC invocations=37 (full 0):
 PSYoungGen      total 17920K, used 128K [0x00000007aab00000, 0x00000007abe80000, 0x00000007c0000000)
  eden space 15872K, 0% used [0x00000007aab00000,0x00000007aab00000,0x00000007aba80000)
  from space 2048K, 6% used [0x00000007aba80000,0x00000007abaa0000,0x00000007abc80000)
  to   space 2048K, 0% used [0x00000007abc80000,0x00000007abc80000,0x00000007abe80000)
 ParOldGen       total 44032K, used 15104K [0x0000000780000000, 0x0000000782b00000, 0x00000007aab00000)
  object space 44032K, 34% used [0x0000000780000000,0x0000000780ec01e8,0x0000000782b00000)
 Metaspace       used 20280K, capacity 20880K, committed 21248K, reserved 1067008K
  class space    used 2593K, capacity 2749K, committed 2816K, reserved 1048576K
}
Event: 197.445 GC heap before
{Heap before GC invocations=38 (full 0):
 PSYoungGen      total 17920K, used 16000K [0x00000007aab00000, 0x00000007abe80000, 0x00000007c0000000)
  eden space 15872K, 100% used [0x00000007aab00000,0x00000007aba80000,0x00000007aba80000)
  from space 2048K, 6% used [0x00000007aba80000,0x00000007abaa0000,0x00000007abc80000)
  to   space 2048K, 0% used [0x00000007abc80000,0x00000007abc80000,0x00000007abe80000)
 ParOldGen       total 44032K, used 15104K [0x0000000780000000, 0x0000000782b00000, 0x00000007aab00000)
  object space 44032K, 34% used [0x0000000780000000,0x0000000780ec01e8,0x0000000782b00000)
 Metaspace       used 20280K, capacity 20880K, committed 21248K, reserved 1067008K
  class space    used 2593K, capacity 2749K, committed 2816K, reserved 1048576K
Event: 197.446 GC heap after
Heap after GC invocations=38 (full 0):
 PSYoungGen      total 17920K, used 128K [0x00000007aab00000, 0x00000007abe80000, 0x00000007c0000000)
  eden space 15872K, 0% used [0x00000007aab00000,0x00000007aab00000,0x00000007aba80000)
  from space 2048K, 6% used [0x00000007abc80000,0x00000007abca0000,0x00000007abe80000)
  to   space 2048K, 0% used [0x00000007aba80000,0x00000007aba80000,0x00000007abc80000)
 ParOldGen       total 44032K, used 15120K [0x0000000780000000, 0x0000000782b00000, 0x00000007aab00000)
  object space 44032K, 34% used [0x0000000780000000,0x0000000780ec41e8,0x0000000782b00000)
 Metaspace       used 20280K, capacity 20880K, committed 21248K, reserved 1067008K
  class space    used 2593K, capacity 2749K, committed 2816K, reserved 1048576K
}
Event: 201.202 GC heap before
{Heap before GC invocations=39 (full 0):
 PSYoungGen      total 17920K, used 16000K [0x00000007aab00000, 0x00000007abe80000, 0x00000007c0000000)
  eden space 15872K, 100% used [0x00000007aab00000,0x00000007aba80000,0x00000007aba80000)
  from space 2048K, 6% used [0x00000007abc80000,0x00000007abca0000,0x00000007abe80000)
  to   space 2048K, 0% used [0x00000007aba80000,0x00000007aba80000,0x00000007abc80000)
 ParOldGen       total 44032K, used 15120K [0x0000000780000000, 0x0000000782b00000, 0x00000007aab00000)
  object space 44032K, 34% used [0x0000000780000000,0x0000000780ec41e8,0x0000000782b00000)
 Metaspace       used 20280K, capacity 20880K, committed 21248K, reserved 1067008K
  class space    used 2593K, capacity 2749K, committed 2816K, reserved 1048576K
Event: 201.204 GC heap after
Heap after GC invocations=39 (full 0):
 PSYoungGen      total 17920K, used 128K [0x00000007aab00000, 0x00000007abe80000, 0x00000007c0000000)
  eden space 15872K, 0% used [0x00000007aab00000,0x00000007aab00000,0x00000007aba80000)
  from space 2048K, 6% used [0x00000007aba80000,0x00000007abaa0000,0x00000007abc80000)
  to   space 2048K, 0% used [0x00000007abc80000,0x00000007abc80000,0x00000007abe80000)
 ParOldGen       total 44032K, used 15120K [0x0000000780000000, 0x0000000782b00000, 0x00000007aab00000)
  object space 44032K, 34% used [0x0000000780000000,0x0000000780ec41e8,0x0000000782b00000)
 Metaspace       used 20280K, capacity 20880K, committed 21248K, reserved 1067008K
  class space    used 2593K, capacity 2749K, committed 2816K, reserved 1048576K
}
Event: 204.875 GC heap before
{Heap before GC invocations=40 (full 0):
 PSYoungGen      total 17920K, used 16000K [0x00000007aab00000, 0x00000007abe80000, 0x00000007c0000000)
  eden space 15872K, 100% used [0x00000007aab00000,0x00000007aba80000,0x00000007aba80000)
  from space 2048K, 6% used [0x00000007aba80000,0x00000007abaa0000,0x00000007abc80000)
  to   space 2048K, 0% used [0x00000007abc80000,0x00000007abc80000,0x00000007abe80000)
 ParOldGen       total 44032K, used 15120K [0x0000000780000000, 0x0000000782b00000, 0x00000007aab00000)
  object space 44032K, 34% used [0x0000000780000000,0x0000000780ec41e8,0x0000000782b00000)
 Metaspace       used 20296K, capacity 20880K, committed 21248K, reserved 1067008K
  class space    used 2593K, capacity 2749K, committed 2816K, reserved 1048576K
Event: 204.877 GC heap after
Heap after GC invocations=40 (full 0):
 PSYoungGen      total 16896K, used 128K [0x00000007aab00000, 0x00000007abd80000, 0x00000007c0000000)
  eden space 15872K, 0% used [0x00000007aab00000,0x00000007aab00000,0x00000007aba80000)
  from space 1024K, 12% used [0x00000007abc80000,0x00000007abca0000,0x00000007abd80000)
  to   space 1536K, 0% used [0x00000007aba80000,0x00000007aba80000,0x00000007abc00000)
 ParOldGen       total 44032K, used 15136K [0x0000000780000000, 0x0000000782b00000, 0x00000007aab00000)
  object space 44032K, 34% used [0x0000000780000000,0x0000000780ec81e8,0x0000000782b00000)
 Metaspace       used 20296K, capacity 20880K, committed 21248K, reserved 1067008K
  class space    used 2593K, capacity 2749K, committed 2816K, reserved 1048576K
}

