# JRE version: Java(TM) SE Runtime Environment (8.0_60-b27) (build 1.8.0_60-b27)
# Java VM: Java HotSpot(TM) 64-Bit Server VM (25.60-b23 mixed mode bsd-amd64 compressed oops)
Heap:
 PSYoungGen      total 24064K, used 7586K [0x00000007aab00000, 0x00000007acb00000, 0x00000007c0000000)
  eden space 15360K, 19% used [0x00000007aab00000,0x00000007aade7798,0x00000007aba00000)
  from space 8704K, 52% used [0x00000007ac280000,0x00000007ac7010a8,0x00000007acb00000)
  to   space 8704K, 0% used [0x00000007aba00000,0x00000007aba00000,0x00000007ac280000)
 ParOldGen       total 153088K, used 123646K [0x0000000780000000, 0x0000000789580000, 0x00000007aab00000)
  object space 153088K, 80% used [0x0000000780000000,0x00000007878bf8e0,0x0000000789580000)
 Metaspace       used 20912K, capacity 21540K, committed 21888K, reserved 1069056K
  class space    used 2651K, capacity 2819K, committed 2944K, reserved 1048576K
GC Heap History (10 events):
Event: 131.145 GC heap before
{Heap before GC invocations=26 (full 2):
 PSYoungGen      total 22528K, used 20484K [0x00000007aab00000, 0x00000007ac980000, 0x00000007c0000000)
  eden space 15872K, 100% used [0x00000007aab00000,0x00000007aba80000,0x00000007aba80000)
  from space 6656K, 69% used [0x00000007aba80000,0x00000007abf010a8,0x00000007ac100000)
  to   space 7680K, 0% used [0x00000007ac200000,0x00000007ac200000,0x00000007ac980000)
 ParOldGen       total 153088K, used 123638K [0x0000000780000000, 0x0000000789580000, 0x00000007aab00000)
  object space 153088K, 80% used [0x0000000780000000,0x00000007878bd8e0,0x0000000789580000)
 Metaspace       used 20881K, capacity 21470K, committed 21760K, reserved 1069056K
  class space    used 2644K, capacity 2778K, committed 2816K, reserved 1048576K
Event: 131.150 GC heap after
Heap after GC invocations=26 (full 2):
 PSYoungGen      total 23552K, used 4612K [0x00000007aab00000, 0x00000007ac980000, 0x00000007c0000000)
  eden space 15872K, 0% used [0x00000007aab00000,0x00000007aab00000,0x00000007aba80000)
  from space 7680K, 60% used [0x00000007ac200000,0x00000007ac6810a8,0x00000007ac980000)
  to   space 7680K, 0% used [0x00000007aba80000,0x00000007aba80000,0x00000007ac200000)
 ParOldGen       total 153088K, used 123646K [0x0000000780000000, 0x0000000789580000, 0x00000007aab00000)
  object space 153088K, 80% used [0x0000000780000000,0x00000007878bf8e0,0x0000000789580000)
 Metaspace       used 20881K, capacity 21470K, committed 21760K, reserved 1069056K
  class space    used 2644K, capacity 2778K, committed 2816K, reserved 1048576K
}
Event: 133.487 GC heap before
{Heap before GC invocations=27 (full 2):
 PSYoungGen      total 23552K, used 20484K [0x00000007aab00000, 0x00000007ac980000, 0x00000007c0000000)
  eden space 15872K, 100% used [0x00000007aab00000,0x00000007aba80000,0x00000007aba80000)
  from space 7680K, 60% used [0x00000007ac200000,0x00000007ac6810a8,0x00000007ac980000)
  to   space 7680K, 0% used [0x00000007aba80000,0x00000007aba80000,0x00000007ac200000)
 ParOldGen       total 153088K, used 123646K [0x0000000780000000, 0x0000000789580000, 0x00000007aab00000)
  object space 153088K, 80% used [0x0000000780000000,0x00000007878bf8e0,0x0000000789580000)
 Metaspace       used 20881K, capacity 21470K, committed 21760K, reserved 1069056K
  class space    used 2644K, capacity 2778K, committed 2816K, reserved 1048576K
Event: 133.491 GC heap after
Heap after GC invocations=27 (full 2):
 PSYoungGen      total 23552K, used 4612K [0x00000007aab00000, 0x00000007aca80000, 0x00000007c0000000)
  eden space 15872K, 0% used [0x00000007aab00000,0x00000007aab00000,0x00000007aba80000)
  from space 7680K, 60% used [0x00000007aba80000,0x00000007abf010a8,0x00000007ac200000)
  to   space 8192K, 0% used [0x00000007ac280000,0x00000007ac280000,0x00000007aca80000)
 ParOldGen       total 153088K, used 123646K [0x0000000780000000, 0x0000000789580000, 0x00000007aab00000)
  object space 153088K, 80% used [0x0000000780000000,0x00000007878bf8e0,0x0000000789580000)
 Metaspace       used 20881K, capacity 21470K, committed 21760K, reserved 1069056K
  class space    used 2644K, capacity 2778K, committed 2816K, reserved 1048576K
}
Event: 135.849 GC heap before
{Heap before GC invocations=28 (full 2):
 PSYoungGen      total 23552K, used 20484K [0x00000007aab00000, 0x00000007aca80000, 0x00000007c0000000)
  eden space 15872K, 100% used [0x00000007aab00000,0x00000007aba80000,0x00000007aba80000)
  from space 7680K, 60% used [0x00000007aba80000,0x00000007abf010a8,0x00000007ac200000)
  to   space 8192K, 0% used [0x00000007ac280000,0x00000007ac280000,0x00000007aca80000)
 ParOldGen       total 153088K, used 123646K [0x0000000780000000, 0x0000000789580000, 0x00000007aab00000)
  object space 153088K, 80% used [0x0000000780000000,0x00000007878bf8e0,0x0000000789580000)
 Metaspace       used 20882K, capacity 21470K, committed 21760K, reserved 1069056K
  class space    used 2644K, capacity 2778K, committed 2816K, reserved 1048576K
Event: 135.853 GC heap after
Heap after GC invocations=28 (full 2):
 PSYoungGen      total 23552K, used 4612K [0x00000007aab00000, 0x00000007acb80000, 0x00000007c0000000)
  eden space 15360K, 0% used [0x00000007aab00000,0x00000007aab00000,0x00000007aba00000)
  from space 8192K, 56% used [0x00000007ac280000,0x00000007ac7010a8,0x00000007aca80000)
  to   space 8704K, 0% used [0x00000007aba00000,0x00000007aba00000,0x00000007ac280000)
 ParOldGen       total 153088K, used 123646K [0x0000000780000000, 0x0000000789580000, 0x00000007aab00000)
  object space 153088K, 80% used [0x0000000780000000,0x00000007878bf8e0,0x0000000789580000)
 Metaspace       used 20882K, capacity 21470K, committed 21760K, reserved 1069056K
  class space    used 2644K, capacity 2778K, committed 2816K, reserved 1048576K
}
Event: 138.130 GC heap before
{Heap before GC invocations=29 (full 2):
 PSYoungGen      total 23552K, used 19972K [0x00000007aab00000, 0x00000007acb80000, 0x00000007c0000000)
  eden space 15360K, 100% used [0x00000007aab00000,0x00000007aba00000,0x00000007aba00000)
  from space 8192K, 56% used [0x00000007ac280000,0x00000007ac7010a8,0x00000007aca80000)
  to   space 8704K, 0% used [0x00000007aba00000,0x00000007aba00000,0x00000007ac280000)
 ParOldGen       total 153088K, used 123646K [0x0000000780000000, 0x0000000789580000, 0x00000007aab00000)
  object space 153088K, 80% used [0x0000000780000000,0x00000007878bf8e0,0x0000000789580000)
 Metaspace       used 20882K, capacity 21470K, committed 21760K, reserved 1069056K
  class space    used 2644K, capacity 2778K, committed 2816K, reserved 1048576K
Event: 138.134 GC heap after
Heap after GC invocations=29 (full 2):
 PSYoungGen      total 24064K, used 4612K [0x00000007aab00000, 0x00000007acb00000, 0x00000007c0000000)
  eden space 15360K, 0% used [0x00000007aab00000,0x00000007aab00000,0x00000007aba00000)
  from space 8704K, 52% used [0x00000007aba00000,0x00000007abe810a8,0x00000007ac280000)
  to   space 8704K, 0% used [0x00000007ac280000,0x00000007ac280000,0x00000007acb00000)
 ParOldGen       total 153088K, used 123646K [0x0000000780000000, 0x0000000789580000, 0x00000007aab00000)
  object space 153088K, 80% used [0x0000000780000000,0x00000007878bf8e0,0x0000000789580000)
 Metaspace       used 20882K, capacity 21470K, committed 21760K, reserved 1069056K
  class space    used 2644K, capacity 2778K, committed 2816K, reserved 1048576K
}
Event: 140.412 GC heap before
{Heap before GC invocations=30 (full 2):
 PSYoungGen      total 24064K, used 19972K [0x00000007aab00000, 0x00000007acb00000, 0x00000007c0000000)
  eden space 15360K, 100% used [0x00000007aab00000,0x00000007aba00000,0x00000007aba00000)
  from space 8704K, 52% used [0x00000007aba00000,0x00000007abe810a8,0x00000007ac280000)
  to   space 8704K, 0% used [0x00000007ac280000,0x00000007ac280000,0x00000007acb00000)
 ParOldGen       total 153088K, used 123646K [0x0000000780000000, 0x0000000789580000, 0x00000007aab00000)
  object space 153088K, 80% used [0x0000000780000000,0x00000007878bf8e0,0x0000000789580000)
 Metaspace       used 20882K, capacity 21470K, committed 21760K, reserved 1069056K
  class space    used 2644K, capacity 2778K, committed 2816K, reserved 1048576K
Event: 140.416 GC heap after
Heap after GC invocations=30 (full 2):
 PSYoungGen      total 24064K, used 4612K [0x00000007aab00000, 0x00000007acb00000, 0x00000007c0000000)
  eden space 15360K, 0% used [0x00000007aab00000,0x00000007aab00000,0x00000007aba00000)
  from space 8704K, 52% used [0x00000007ac280000,0x00000007ac7010a8,0x00000007acb00000)
  to   space 8704K, 0% used [0x00000007aba00000,0x00000007aba00000,0x00000007ac280000)
 ParOldGen       total 153088K, used 123646K [0x0000000780000000, 0x0000000789580000, 0x00000007aab00000)
  object space 153088K, 80% used [0x0000000780000000,0x00000007878bf8e0,0x0000000789580000)
 Metaspace       used 20882K, capacity 21470K, committed 21760K, reserved 1069056K
  class space    used 2644K, capacity 2778K, committed 2816K, reserved 1048576K
}

